<?xml version="1.0" encoding="UTF-8"?>
<!-- Generated by org.testng.reporters.JUnitReportReporter -->
<testsuite skipped="0" hostname="ChaNu-PC" name="testNGListeners.TestNGListenerSeleniumDemo" tests="1" failures="0" timestamp="06 Jan 2019 10:57:20 GMT" time="10.519" errors="0">
  <testcase name="googleSearch" time="10.519" classname="testNGListeners.TestNGListenerSeleniumDemo"/>
</testsuite> <!-- testNGListeners.TestNGListenerSeleniumDemo -->
