<?xml version="1.0" encoding="UTF-8"?>
<!-- Generated by org.testng.reporters.JUnitReportReporter -->
<testsuite skipped="0" hostname="ChaNu-PC" name="extentreports.ExtentReportsDemoWithTestNG" tests="1" failures="0" timestamp="02 Sep 2018 15:23:46 GMT" time="4.614" errors="0">
  <testcase name="test1" time="4.614" classname="extentreports.ExtentReportsDemoWithTestNG"/>
</testsuite> <!-- extentreports.ExtentReportsDemoWithTestNG -->
