<?xml version="1.0" encoding="UTF-8"?>
<!-- Generated by org.testng.reporters.JUnitReportReporter -->
<testsuite skipped="0" hostname="ChaNu-PC" name="testNGListeners.TestNGListenerDemo2" tests="3" failures="0" timestamp="06 Jan 2019 10:53:13 GMT" time="0.033" errors="0">
  <testcase name="test6" time="0.009" classname="testNGListeners.TestNGListenerDemo2"/>
  <testcase name="test5" time="0.020" classname="testNGListeners.TestNGListenerDemo2"/>
  <testcase name="test4" time="0.004" classname="testNGListeners.TestNGListenerDemo2"/>
</testsuite> <!-- testNGListeners.TestNGListenerDemo2 -->
