<?xml version="1.0" encoding="UTF-8"?>
<!-- Generated by org.testng.reporters.JUnitReportReporter -->
<testsuite skipped="0" hostname="ChaNu-PC" name="testngmultibrowsertest.TestNGMultiBrowserDemo" tests="3" failures="0" timestamp="30 Sep 2018 17:48:12 GMT" time="37.245" errors="0">
  <testcase name="test1" time="10.894" classname="testngmultibrowsertest.TestNGMultiBrowserDemo"/>
  <testcase name="test1" time="9.231" classname="testngmultibrowsertest.TestNGMultiBrowserDemo"/>
  <testcase name="test1" time="17.120" classname="testngmultibrowsertest.TestNGMultiBrowserDemo"/>
</testsuite> <!-- testngmultibrowsertest.TestNGMultiBrowserDemo -->
