<?xml version="1.0" encoding="UTF-8"?>
<!-- Generated by org.testng.reporters.JUnitReportReporter -->
<testsuite skipped="0" hostname="ChaNu-PC" name="testngprioratizing.TestNGPrioratizedDemo" tests="3" failures="0" timestamp="30 Sep 2018 18:03:16 GMT" time="0.091" errors="0">
  <testcase name="test2" time="0.078" classname="testngprioratizing.TestNGPrioratizedDemo"/>
  <testcase name="test3" time="0.005" classname="testngprioratizing.TestNGPrioratizedDemo"/>
  <testcase name="test1" time="0.008" classname="testngprioratizing.TestNGPrioratizedDemo"/>
</testsuite> <!-- testngprioratizing.TestNGPrioratizedDemo -->
