<?xml version="1.0" encoding="UTF-8"?>
<!-- Generated by org.testng.reporters.JUnitReportReporter -->
<testsuite skipped="0" hostname="ChaNu-PC" name="workwithexcel.ExcelDataProvider" tests="1" failures="0" timestamp="30 Sep 2018 05:54:12 GMT" time="6.453" errors="0">
  <testcase name="test1" time="6.453" classname="workwithexcel.ExcelDataProvider"/>
</testsuite> <!-- workwithexcel.ExcelDataProvider -->
